<?xml version="1.0" encoding="UTF-8"?>
<!-- Generated by org.testng.reporters.JUnitReportReporter -->
<testsuite hostname="DESKTOP-QS9U2BQ" failures="0" tests="2" name="tests.EndToEndTest" time="0.148" errors="0" timestamp="2024-03-01T12:01:32 IST" skipped="1">
  <testcase classname="tests.EndToEndTest" name="loginUserTest" time="0.148"/>
  <testcase classname="tests.EndToEndTest" name="addItemToCartTest">
    <skipped/>
  </testcase> <!-- addItemToCartTest -->
</testsuite> <!-- tests.EndToEndTest -->
