<?xml version="1.0" encoding="UTF-8"?>
<!-- Generated by org.testng.reporters.JUnitReportReporter -->
<testsuite hostname="DESKTOP-QS9U2BQ" failures="0" tests="1" name="tests.LoginTest" time="0.198" errors="0" timestamp="2024-02-25T11:54:40 IST" skipped="0">
  <testcase classname="tests.LoginTest" name="loginUserTest" time="0.198"/>
</testsuite> <!-- tests.LoginTest -->
